2023-03-22 23:32:29 Loading main app package /usr/lib/obsidian/obsidian.asar
2023-03-22 23:32:29 Checking for update using Github
2023-03-22 23:32:29 Success.
2023-03-22 23:32:29 Latest version is 1.1.16
2023-03-22 23:32:29 App is up to date.
2023-03-27 23:05:39 Loading main app package /usr/lib/obsidian/obsidian.asar
2023-03-27 23:05:40 Checking for update using Github
2023-03-27 23:05:40 Success.
2023-03-27 23:05:40 Latest version is 1.1.16
2023-03-27 23:05:40 App is up to date.
2023-03-28 10:55:10 Loading main app package /usr/lib/obsidian/obsidian.asar
2023-03-28 10:55:11 Checking for update using Github
2023-03-28 10:55:11 Success.
2023-03-28 10:55:11 Latest version is 1.1.16
2023-03-28 10:55:11 App is up to date.
2023-03-28 11:04:20 Loading main app package /usr/lib/obsidian/obsidian.asar
2023-03-28 11:04:20 Checking for update using Github
2023-03-28 11:04:20 Success.
2023-03-28 11:04:20 Latest version is 1.1.16
2023-03-28 11:04:20 App is up to date.
2023-03-28 12:04:20 Checking for update using Github
2023-03-28 12:04:20 Success.
2023-03-28 12:04:20 Latest version is 1.1.16
2023-03-28 12:04:20 App is up to date.
